<?xml version="1.0" encoding="UTF-8"?>
<!-- Generated by org.testng.reporters.JUnitXMLReporter -->
<testsuite ignored="1" hostname="PC-Revathi" failures="0" tests="1" name="Test" time="21.152" errors="0" timestamp="2023-09-12T09:29:46 IST">
  <testcase classname="vtiger.OrganizationTests.CreateOrgWithIndustryTest" name="createOrgWithIndustryTest" time="9.164"/>
  <testcase classname="vtiger.OrganizationTests.CreateOrgWithIndustryTest" name="demo" time="0.0">
    <ignored/>
  </testcase> <!-- demo -->
</testsuite> <!-- Test -->
